

Started GET "/" for 127.0.0.1 at 2015-05-24 23:04:45 -0700
Processing by WelcomeController#index as HTML
  Rendered welcome/index.html.erb within layouts/application (2.2ms)
Completed 200 OK in 4023ms (Views: 3981.0ms | ActiveRecord: 0.0ms)


Started GET "/assets/welcome.self-e3b0c44298fc1c149afbf4c8996fb92427ae41e4649b934ca495991b7852b855.css?body=1" for 127.0.0.1 at 2015-05-24 23:04:50 -0700


Started GET "/assets/welcome.self-877aef30ae1b040ab8a3aba4e3e309a11d7f2612f44dde450b5c157aa5f95c05.js?body=1" for 127.0.0.1 at 2015-05-24 23:04:50 -0700


Started GET "/assets/application.self-e80e8f2318043e8af94dddc2adad5a4f09739a8ebb323b3ab31cd71d45fd9113.css?body=1" for 127.0.0.1 at 2015-05-24 23:04:50 -0700


Started GET "/assets/jquery_ujs.self-8e98a7a072a6cee1372d19fff9ff3e6aa1e39a37d89d6f06861637d061113ee7.js?body=1" for 127.0.0.1 at 2015-05-24 23:04:51 -0700


Started GET "/assets/turbolinks.self-c37727e9bd6b2735da5c311aa83fead54ed0be6cc8bd9a65309e9c5abe2cbfff.js?body=1" for 127.0.0.1 at 2015-05-24 23:04:51 -0700


Started GET "/assets/jquery.self-d03a5518f45df77341bdbe6201ba3bfa547ebba8ed64f0ea56bfa5f96ea7c074.js?body=1" for 127.0.0.1 at 2015-05-24 23:04:51 -0700


Started GET "/assets/application.self-3b8dabdc891efe46b9a144b400ad69e37d7e5876bdc39dee783419a69d7ca819.js?body=1" for 127.0.0.1 at 2015-05-24 23:04:51 -0700


Started GET "/forms/new" for 127.0.0.1 at 2015-05-24 23:18:42 -0700
Processing by FormsController#new as HTML
Completed 500 Internal Server Error in 209ms (ActiveRecord: 0.0ms)

ActionView::MissingTemplate (Missing template forms/new, application/new with {:locale=>[:en], :formats=>[:html], :variants=>[], :handlers=>[:erb, :builder, :raw, :ruby, :coffee, :jbuilder]}. Searched in:
  * "/home/shantanu/Techvision/accessibleform/app/views"
):
  actionview (4.2.1) lib/action_view/path_set.rb:46:in `find'
  actionview (4.2.1) lib/action_view/lookup_context.rb:121:in `find'
  actionview (4.2.1) lib/action_view/renderer/abstract_renderer.rb:18:in `find_template'
  actionview (4.2.1) lib/action_view/renderer/template_renderer.rb:40:in `determine_template'
  actionview (4.2.1) lib/action_view/renderer/template_renderer.rb:8:in `render'
  actionview (4.2.1) lib/action_view/renderer/renderer.rb:42:in `render_template'
  actionview (4.2.1) lib/action_view/renderer/renderer.rb:23:in `render'
  actionview (4.2.1) lib/action_view/rendering.rb:100:in `_render_template'
  actionpack (4.2.1) lib/action_controller/metal/streaming.rb:217:in `_render_template'
  actionview (4.2.1) lib/action_view/rendering.rb:83:in `render_to_body'
  actionpack (4.2.1) lib/action_controller/metal/rendering.rb:32:in `render_to_body'
  actionpack (4.2.1) lib/action_controller/metal/renderers.rb:37:in `render_to_body'
  actionpack (4.2.1) lib/abstract_controller/rendering.rb:25:in `render'
  actionpack (4.2.1) lib/action_controller/metal/rendering.rb:16:in `render'
  actionpack (4.2.1) lib/action_controller/metal/instrumentation.rb:44:in `block (2 levels) in render'
  activesupport (4.2.1) lib/active_support/core_ext/benchmark.rb:12:in `block in ms'
  /home/shantanu/.rbenv/versions/2.2.1/lib/ruby/2.2.0/benchmark.rb:303:in `realtime'
  activesupport (4.2.1) lib/active_support/core_ext/benchmark.rb:12:in `ms'
  actionpack (4.2.1) lib/action_controller/metal/instrumentation.rb:44:in `block in render'
  actionpack (4.2.1) lib/action_controller/metal/instrumentation.rb:87:in `cleanup_view_runtime'
  activerecord (4.2.1) lib/active_record/railties/controller_runtime.rb:25:in `cleanup_view_runtime'
  actionpack (4.2.1) lib/action_controller/metal/instrumentation.rb:43:in `render'
  actionpack (4.2.1) lib/action_controller/metal/implicit_render.rb:10:in `default_render'
  actionpack (4.2.1) lib/action_controller/metal/implicit_render.rb:5:in `send_action'
  actionpack (4.2.1) lib/abstract_controller/base.rb:198:in `process_action'
  actionpack (4.2.1) lib/action_controller/metal/rendering.rb:10:in `process_action'
  actionpack (4.2.1) lib/abstract_controller/callbacks.rb:20:in `block in process_action'
  activesupport (4.2.1) lib/active_support/callbacks.rb:117:in `call'
  activesupport (4.2.1) lib/active_support/callbacks.rb:117:in `call'
  activesupport (4.2.1) lib/active_support/callbacks.rb:555:in `block (2 levels) in compile'
  activesupport (4.2.1) lib/active_support/callbacks.rb:505:in `call'
  activesupport (4.2.1) lib/active_support/callbacks.rb:505:in `call'
  activesupport (4.2.1) lib/active_support/callbacks.rb:92:in `_run_callbacks'
  activesupport (4.2.1) lib/active_support/callbacks.rb:776:in `_run_process_action_callbacks'
  activesupport (4.2.1) lib/active_support/callbacks.rb:81:in `run_callbacks'
  actionpack (4.2.1) lib/abstract_controller/callbacks.rb:19:in `process_action'
  actionpack (4.2.1) lib/action_controller/metal/rescue.rb:29:in `process_action'
  actionpack (4.2.1) lib/action_controller/metal/instrumentation.rb:32:in `block in process_action'
  activesupport (4.2.1) lib/active_support/notifications.rb:164:in `block in instrument'
  activesupport (4.2.1) lib/active_support/notifications/instrumenter.rb:20:in `instrument'
  activesupport (4.2.1) lib/active_support/notifications.rb:164:in `instrument'
  actionpack (4.2.1) lib/action_controller/metal/instrumentation.rb:30:in `process_action'
  actionpack (4.2.1) lib/action_controller/metal/params_wrapper.rb:250:in `process_action'
  activerecord (4.2.1) lib/active_record/railties/controller_runtime.rb:18:in `process_action'
  actionpack (4.2.1) lib/abstract_controller/base.rb:137:in `process'
  actionview (4.2.1) lib/action_view/rendering.rb:30:in `process'
  actionpack (4.2.1) lib/action_controller/metal.rb:196:in `dispatch'
  actionpack (4.2.1) lib/action_controller/metal/rack_delegation.rb:13:in `dispatch'
  actionpack (4.2.1) lib/action_controller/metal.rb:237:in `block in action'
  actionpack (4.2.1) lib/action_dispatch/routing/route_set.rb:74:in `call'
  actionpack (4.2.1) lib/action_dispatch/routing/route_set.rb:74:in `dispatch'
  actionpack (4.2.1) lib/action_dispatch/routing/route_set.rb:43:in `serve'
  actionpack (4.2.1) lib/action_dispatch/journey/router.rb:43:in `block in serve'
  actionpack (4.2.1) lib/action_dispatch/journey/router.rb:30:in `each'
  actionpack (4.2.1) lib/action_dispatch/journey/router.rb:30:in `serve'
  actionpack (4.2.1) lib/action_dispatch/routing/route_set.rb:819:in `call'
  rack (1.6.1) lib/rack/etag.rb:24:in `call'
  rack (1.6.1) lib/rack/conditionalget.rb:25:in `call'
  rack (1.6.1) lib/rack/head.rb:13:in `call'
  actionpack (4.2.1) lib/action_dispatch/middleware/params_parser.rb:27:in `call'
  actionpack (4.2.1) lib/action_dispatch/middleware/flash.rb:260:in `call'
  rack (1.6.1) lib/rack/session/abstract/id.rb:225:in `context'
  rack (1.6.1) lib/rack/session/abstract/id.rb:220:in `call'
  actionpack (4.2.1) lib/action_dispatch/middleware/cookies.rb:560:in `call'
  activerecord (4.2.1) lib/active_record/query_cache.rb:36:in `call'
  activerecord (4.2.1) lib/active_record/connection_adapters/abstract/connection_pool.rb:649:in `call'
  activerecord (4.2.1) lib/active_record/migration.rb:378:in `call'
  actionpack (4.2.1) lib/action_dispatch/middleware/callbacks.rb:29:in `block in call'
  activesupport (4.2.1) lib/active_support/callbacks.rb:88:in `call'
  activesupport (4.2.1) lib/active_support/callbacks.rb:88:in `_run_callbacks'
  activesupport (4.2.1) lib/active_support/callbacks.rb:776:in `_run_call_callbacks'
  activesupport (4.2.1) lib/active_support/callbacks.rb:81:in `run_callbacks'
  actionpack (4.2.1) lib/action_dispatch/middleware/callbacks.rb:27:in `call'
  actionpack (4.2.1) lib/action_dispatch/middleware/reloader.rb:73:in `call'
  actionpack (4.2.1) lib/action_dispatch/middleware/remote_ip.rb:78:in `call'
  actionpack (4.2.1) lib/action_dispatch/middleware/debug_exceptions.rb:17:in `call'
  web-console (2.1.2) lib/web_console/middleware.rb:37:in `call'
  actionpack (4.2.1) lib/action_dispatch/middleware/show_exceptions.rb:30:in `call'
  railties (4.2.1) lib/rails/rack/logger.rb:38:in `call_app'
  railties (4.2.1) lib/rails/rack/logger.rb:20:in `block in call'
  activesupport (4.2.1) lib/active_support/tagged_logging.rb:68:in `block in tagged'
  activesupport (4.2.1) lib/active_support/tagged_logging.rb:26:in `tagged'
  activesupport (4.2.1) lib/active_support/tagged_logging.rb:68:in `tagged'
  railties (4.2.1) lib/rails/rack/logger.rb:20:in `call'
  actionpack (4.2.1) lib/action_dispatch/middleware/request_id.rb:21:in `call'
  rack (1.6.1) lib/rack/methodoverride.rb:22:in `call'
  rack (1.6.1) lib/rack/runtime.rb:18:in `call'
  activesupport (4.2.1) lib/active_support/cache/strategy/local_cache_middleware.rb:28:in `call'
  rack (1.6.1) lib/rack/lock.rb:17:in `call'
  actionpack (4.2.1) lib/action_dispatch/middleware/static.rb:113:in `call'
  rack (1.6.1) lib/rack/sendfile.rb:113:in `call'
  railties (4.2.1) lib/rails/engine.rb:518:in `call'
  railties (4.2.1) lib/rails/application.rb:164:in `call'
  rack (1.6.1) lib/rack/lock.rb:17:in `call'
  rack (1.6.1) lib/rack/content_length.rb:15:in `call'
  rack (1.6.1) lib/rack/handler/webrick.rb:89:in `service'
  /home/shantanu/.rbenv/versions/2.2.1/lib/ruby/2.2.0/webrick/httpserver.rb:138:in `service'
  /home/shantanu/.rbenv/versions/2.2.1/lib/ruby/2.2.0/webrick/httpserver.rb:94:in `run'
  /home/shantanu/.rbenv/versions/2.2.1/lib/ruby/2.2.0/webrick/server.rb:294:in `block in start_thread'


  Rendered /home/shantanu/.rbenv/versions/2.2.1/lib/ruby/gems/2.2.0/gems/actionpack-4.2.1/lib/action_dispatch/middleware/templates/rescues/_source.erb (11.4ms)
  Rendered /home/shantanu/.rbenv/versions/2.2.1/lib/ruby/gems/2.2.0/gems/actionpack-4.2.1/lib/action_dispatch/middleware/templates/rescues/_trace.html.erb (11.7ms)
  Rendered /home/shantanu/.rbenv/versions/2.2.1/lib/ruby/gems/2.2.0/gems/actionpack-4.2.1/lib/action_dispatch/middleware/templates/rescues/_request_and_response.html.erb (1.5ms)
  Rendered /home/shantanu/.rbenv/versions/2.2.1/lib/ruby/gems/2.2.0/gems/actionpack-4.2.1/lib/action_dispatch/middleware/templates/rescues/missing_template.html.erb within rescues/layout (120.3ms)
  Rendered /home/shantanu/.rbenv/versions/2.2.1/lib/ruby/gems/2.2.0/gems/web-console-2.1.2/lib/web_console/templates/_markup.html.erb (0.6ms)
  Rendered /home/shantanu/.rbenv/versions/2.2.1/lib/ruby/gems/2.2.0/gems/web-console-2.1.2/lib/web_console/templates/style.css.erb within layouts/inlined_string (0.6ms)
  Rendered /home/shantanu/.rbenv/versions/2.2.1/lib/ruby/gems/2.2.0/gems/web-console-2.1.2/lib/web_console/templates/_inner_console_markup.html.erb within layouts/inlined_string (0.5ms)
  Rendered /home/shantanu/.rbenv/versions/2.2.1/lib/ruby/gems/2.2.0/gems/web-console-2.1.2/lib/web_console/templates/_prompt_box_markup.html.erb within layouts/inlined_string (0.5ms)
  Rendered /home/shantanu/.rbenv/versions/2.2.1/lib/ruby/gems/2.2.0/gems/web-console-2.1.2/lib/web_console/templates/console.js.erb within layouts/javascript (80.0ms)
  Rendered /home/shantanu/.rbenv/versions/2.2.1/lib/ruby/gems/2.2.0/gems/web-console-2.1.2/lib/web_console/templates/main.js.erb within layouts/javascript (0.5ms)
  Rendered /home/shantanu/.rbenv/versions/2.2.1/lib/ruby/gems/2.2.0/gems/web-console-2.1.2/lib/web_console/templates/error_page.js.erb within layouts/javascript (8.3ms)
  Rendered /home/shantanu/.rbenv/versions/2.2.1/lib/ruby/gems/2.2.0/gems/web-console-2.1.2/lib/web_console/templates/index.html.erb (221.5ms)


Started GET "/forms/new" for 127.0.0.1 at 2015-05-24 23:31:54 -0700
Processing by FormsController#new as HTML
  Rendered forms/new.html.erb within layouts/application (42.6ms)
Completed 200 OK in 1369ms (Views: 1325.5ms | ActiveRecord: 0.0ms)


Started GET "/assets/forms.self-e3b0c44298fc1c149afbf4c8996fb92427ae41e4649b934ca495991b7852b855.css?body=1" for 127.0.0.1 at 2015-05-24 23:31:56 -0700


Started GET "/assets/turbolinks.self-c37727e9bd6b2735da5c311aa83fead54ed0be6cc8bd9a65309e9c5abe2cbfff.js?body=1" for 127.0.0.1 at 2015-05-24 23:31:56 -0700


Started GET "/assets/jquery.self-d03a5518f45df77341bdbe6201ba3bfa547ebba8ed64f0ea56bfa5f96ea7c074.js?body=1" for 127.0.0.1 at 2015-05-24 23:31:56 -0700


Started GET "/assets/application.self-e80e8f2318043e8af94dddc2adad5a4f09739a8ebb323b3ab31cd71d45fd9113.css?body=1" for 127.0.0.1 at 2015-05-24 23:31:56 -0700


Started GET "/assets/forms.self-877aef30ae1b040ab8a3aba4e3e309a11d7f2612f44dde450b5c157aa5f95c05.js?body=1" for 127.0.0.1 at 2015-05-24 23:31:56 -0700


Started GET "/assets/welcome.self-e3b0c44298fc1c149afbf4c8996fb92427ae41e4649b934ca495991b7852b855.css?body=1" for 127.0.0.1 at 2015-05-24 23:31:56 -0700


Started GET "/assets/jquery_ujs.self-8e98a7a072a6cee1372d19fff9ff3e6aa1e39a37d89d6f06861637d061113ee7.js?body=1" for 127.0.0.1 at 2015-05-24 23:31:56 -0700


Started GET "/assets/welcome.self-877aef30ae1b040ab8a3aba4e3e309a11d7f2612f44dde450b5c157aa5f95c05.js?body=1" for 127.0.0.1 at 2015-05-24 23:31:56 -0700


Started GET "/assets/application.self-3b8dabdc891efe46b9a144b400ad69e37d7e5876bdc39dee783419a69d7ca819.js?body=1" for 127.0.0.1 at 2015-05-24 23:31:56 -0700


Started GET "/forms/new" for 127.0.0.1 at 2015-05-24 23:54:33 -0700
Processing by FormsController#new as HTML
  Rendered forms/new.html.erb within layouts/application (22.7ms)
Completed 500 Internal Server Error in 43ms (ActiveRecord: 0.0ms)

SyntaxError (/home/shantanu/Techvision/accessibleform/app/views/forms/new.html.erb:5: syntax error, unexpected tIDENTIFIER, expecting ')'
...er.append=( f.label :First name );@output_buffer.safe_append...
...                               ^
/home/shantanu/Techvision/accessibleform/app/views/forms/new.html.erb:6: syntax error, unexpected tIDENTIFIER, expecting ')'
...pend=( f.text_field :First name );@output_buffer.safe_append...
...                               ^
/home/shantanu/Techvision/accessibleform/app/views/forms/new.html.erb:10: syntax error, unexpected tIDENTIFIER, expecting ')'
...fer.append=( f.label :Last name );@output_buffer.safe_append...
...                               ^
/home/shantanu/Techvision/accessibleform/app/views/forms/new.html.erb:11: syntax error, unexpected tIDENTIFIER, expecting ')'
...ppend=( f.text_field :Last name );@output_buffer.safe_append...
...                               ^
/home/shantanu/Techvision/accessibleform/app/views/forms/new.html.erb:30: syntax error, unexpected keyword_ensure, expecting end-of-input):
  app/views/forms/new.html.erb:5: syntax error, unexpected tIDENTIFIER, expecting ')'
  app/views/forms/new.html.erb:6: syntax error, unexpected tIDENTIFIER, expecting ')'
  app/views/forms/new.html.erb:10: syntax error, unexpected tIDENTIFIER, expecting ')'
  app/views/forms/new.html.erb:11: syntax error, unexpected tIDENTIFIER, expecting ')'
  app/views/forms/new.html.erb:30: syntax error, unexpected keyword_ensure, expecting end-of-input


  Rendered /home/shantanu/.rbenv/versions/2.2.1/lib/ruby/gems/2.2.0/gems/actionpack-4.2.1/lib/action_dispatch/middleware/templates/rescues/_source.erb (16.8ms)
  Rendered /home/shantanu/.rbenv/versions/2.2.1/lib/ruby/gems/2.2.0/gems/actionpack-4.2.1/lib/action_dispatch/middleware/templates/rescues/_trace.html.erb (18.2ms)
  Rendered /home/shantanu/.rbenv/versions/2.2.1/lib/ruby/gems/2.2.0/gems/actionpack-4.2.1/lib/action_dispatch/middleware/templates/rescues/_request_and_response.html.erb (1.5ms)
  Rendered /home/shantanu/.rbenv/versions/2.2.1/lib/ruby/gems/2.2.0/gems/actionpack-4.2.1/lib/action_dispatch/middleware/templates/rescues/diagnostics.html.erb within rescues/layout (103.1ms)
  Rendered /home/shantanu/.rbenv/versions/2.2.1/lib/ruby/gems/2.2.0/gems/web-console-2.1.2/lib/web_console/templates/_markup.html.erb (0.6ms)
  Rendered /home/shantanu/.rbenv/versions/2.2.1/lib/ruby/gems/2.2.0/gems/web-console-2.1.2/lib/web_console/templates/style.css.erb within layouts/inlined_string (0.5ms)
  Rendered /home/shantanu/.rbenv/versions/2.2.1/lib/ruby/gems/2.2.0/gems/web-console-2.1.2/lib/web_console/templates/_inner_console_markup.html.erb within layouts/inlined_string (0.4ms)
  Rendered /home/shantanu/.rbenv/versions/2.2.1/lib/ruby/gems/2.2.0/gems/web-console-2.1.2/lib/web_console/templates/_prompt_box_markup.html.erb within layouts/inlined_string (0.5ms)
  Rendered /home/shantanu/.rbenv/versions/2.2.1/lib/ruby/gems/2.2.0/gems/web-console-2.1.2/lib/web_console/templates/console.js.erb within layouts/javascript (91.7ms)
  Rendered /home/shantanu/.rbenv/versions/2.2.1/lib/ruby/gems/2.2.0/gems/web-console-2.1.2/lib/web_console/templates/main.js.erb within layouts/javascript (0.5ms)
  Rendered /home/shantanu/.rbenv/versions/2.2.1/lib/ruby/gems/2.2.0/gems/web-console-2.1.2/lib/web_console/templates/error_page.js.erb within layouts/javascript (0.7ms)
  Rendered /home/shantanu/.rbenv/versions/2.2.1/lib/ruby/gems/2.2.0/gems/web-console-2.1.2/lib/web_console/templates/index.html.erb (167.7ms)


Started GET "/forms/new" for 127.0.0.1 at 2015-05-24 23:56:52 -0700
Processing by FormsController#new as HTML
  Rendered forms/new.html.erb within layouts/application (8.0ms)
Completed 500 Internal Server Error in 16ms (ActiveRecord: 0.0ms)

SyntaxError (/home/shantanu/Techvision/accessibleform/app/views/forms/new.html.erb:30: syntax error, unexpected keyword_ensure, expecting end-of-input):
  app/views/forms/new.html.erb:30: syntax error, unexpected keyword_ensure, expecting end-of-input


  Rendered /home/shantanu/.rbenv/versions/2.2.1/lib/ruby/gems/2.2.0/gems/actionpack-4.2.1/lib/action_dispatch/middleware/templates/rescues/_source.erb (20.6ms)
  Rendered /home/shantanu/.rbenv/versions/2.2.1/lib/ruby/gems/2.2.0/gems/actionpack-4.2.1/lib/action_dispatch/middleware/templates/rescues/_trace.html.erb (35.8ms)
  Rendered /home/shantanu/.rbenv/versions/2.2.1/lib/ruby/gems/2.2.0/gems/actionpack-4.2.1/lib/action_dispatch/middleware/templates/rescues/_request_and_response.html.erb (1.3ms)
  Rendered /home/shantanu/.rbenv/versions/2.2.1/lib/ruby/gems/2.2.0/gems/actionpack-4.2.1/lib/action_dispatch/middleware/templates/rescues/diagnostics.html.erb within rescues/layout (137.4ms)
  Rendered /home/shantanu/.rbenv/versions/2.2.1/lib/ruby/gems/2.2.0/gems/web-console-2.1.2/lib/web_console/templates/_markup.html.erb (0.6ms)
  Rendered /home/shantanu/.rbenv/versions/2.2.1/lib/ruby/gems/2.2.0/gems/web-console-2.1.2/lib/web_console/templates/style.css.erb within layouts/inlined_string (2.0ms)
  Rendered /home/shantanu/.rbenv/versions/2.2.1/lib/ruby/gems/2.2.0/gems/web-console-2.1.2/lib/web_console/templates/_inner_console_markup.html.erb within layouts/inlined_string (0.4ms)
  Rendered /home/shantanu/.rbenv/versions/2.2.1/lib/ruby/gems/2.2.0/gems/web-console-2.1.2/lib/web_console/templates/_prompt_box_markup.html.erb within layouts/inlined_string (0.4ms)
  Rendered /home/shantanu/.rbenv/versions/2.2.1/lib/ruby/gems/2.2.0/gems/web-console-2.1.2/lib/web_console/templates/console.js.erb within layouts/javascript (63.7ms)
  Rendered /home/shantanu/.rbenv/versions/2.2.1/lib/ruby/gems/2.2.0/gems/web-console-2.1.2/lib/web_console/templates/main.js.erb within layouts/javascript (0.5ms)
  Rendered /home/shantanu/.rbenv/versions/2.2.1/lib/ruby/gems/2.2.0/gems/web-console-2.1.2/lib/web_console/templates/error_page.js.erb within layouts/javascript (0.6ms)
  Rendered /home/shantanu/.rbenv/versions/2.2.1/lib/ruby/gems/2.2.0/gems/web-console-2.1.2/lib/web_console/templates/index.html.erb (147.2ms)


Started GET "/forms/new" for 127.0.0.1 at 2015-05-25 00:02:14 -0700
Processing by FormsController#new as HTML
  Rendered forms/new.html.erb within layouts/application (7.3ms)
Completed 500 Internal Server Error in 15ms (ActiveRecord: 0.0ms)

SyntaxError (/home/shantanu/Techvision/accessibleform/app/views/forms/new.html.erb:30: syntax error, unexpected keyword_ensure, expecting end-of-input):
  app/views/forms/new.html.erb:30: syntax error, unexpected keyword_ensure, expecting end-of-input


  Rendered /home/shantanu/.rbenv/versions/2.2.1/lib/ruby/gems/2.2.0/gems/actionpack-4.2.1/lib/action_dispatch/middleware/templates/rescues/_source.erb (17.4ms)
  Rendered /home/shantanu/.rbenv/versions/2.2.1/lib/ruby/gems/2.2.0/gems/actionpack-4.2.1/lib/action_dispatch/middleware/templates/rescues/_trace.html.erb (17.5ms)
  Rendered /home/shantanu/.rbenv/versions/2.2.1/lib/ruby/gems/2.2.0/gems/actionpack-4.2.1/lib/action_dispatch/middleware/templates/rescues/_request_and_response.html.erb (4.0ms)
  Rendered /home/shantanu/.rbenv/versions/2.2.1/lib/ruby/gems/2.2.0/gems/actionpack-4.2.1/lib/action_dispatch/middleware/templates/rescues/diagnostics.html.erb within rescues/layout (93.5ms)
  Rendered /home/shantanu/.rbenv/versions/2.2.1/lib/ruby/gems/2.2.0/gems/web-console-2.1.2/lib/web_console/templates/_markup.html.erb (1.0ms)
  Rendered /home/shantanu/.rbenv/versions/2.2.1/lib/ruby/gems/2.2.0/gems/web-console-2.1.2/lib/web_console/templates/style.css.erb within layouts/inlined_string (0.7ms)
  Rendered /home/shantanu/.rbenv/versions/2.2.1/lib/ruby/gems/2.2.0/gems/web-console-2.1.2/lib/web_console/templates/_inner_console_markup.html.erb within layouts/inlined_string (0.5ms)
  Rendered /home/shantanu/.rbenv/versions/2.2.1/lib/ruby/gems/2.2.0/gems/web-console-2.1.2/lib/web_console/templates/_prompt_box_markup.html.erb within layouts/inlined_string (0.5ms)
  Rendered /home/shantanu/.rbenv/versions/2.2.1/lib/ruby/gems/2.2.0/gems/web-console-2.1.2/lib/web_console/templates/console.js.erb within layouts/javascript (70.7ms)
  Rendered /home/shantanu/.rbenv/versions/2.2.1/lib/ruby/gems/2.2.0/gems/web-console-2.1.2/lib/web_console/templates/main.js.erb within layouts/javascript (0.5ms)
  Rendered /home/shantanu/.rbenv/versions/2.2.1/lib/ruby/gems/2.2.0/gems/web-console-2.1.2/lib/web_console/templates/error_page.js.erb within layouts/javascript (0.6ms)
  Rendered /home/shantanu/.rbenv/versions/2.2.1/lib/ruby/gems/2.2.0/gems/web-console-2.1.2/lib/web_console/templates/index.html.erb (137.9ms)


Started GET "/forms/new" for 127.0.0.1 at 2015-05-25 00:08:40 -0700
Processing by FormsController#new as HTML
  Rendered forms/new.html.erb within layouts/application (384.1ms)
Completed 500 Internal Server Error in 393ms (ActiveRecord: 0.0ms)

ActionView::Template::Error (undefined local variable or method `articles_path' for #<#<Class:0x007f8979e4bec0>:0x007f8969da8168>):
    1: <h1> New Form </h1>
    2: <%= form_for :article, url: articles_path do |f| %>
    3: 
    4: <p>
    5:     <%= f.label :Firstname %><br>
  app/views/forms/new.html.erb:2:in `_app_views_forms_new_html_erb___2407674970513359132_70114081642360'


  Rendered /home/shantanu/.rbenv/versions/2.2.1/lib/ruby/gems/2.2.0/gems/actionpack-4.2.1/lib/action_dispatch/middleware/templates/rescues/_source.erb (23.8ms)
  Rendered /home/shantanu/.rbenv/versions/2.2.1/lib/ruby/gems/2.2.0/gems/actionpack-4.2.1/lib/action_dispatch/middleware/templates/rescues/_trace.html.erb (15.5ms)
  Rendered /home/shantanu/.rbenv/versions/2.2.1/lib/ruby/gems/2.2.0/gems/actionpack-4.2.1/lib/action_dispatch/middleware/templates/rescues/_request_and_response.html.erb (1.2ms)
  Rendered /home/shantanu/.rbenv/versions/2.2.1/lib/ruby/gems/2.2.0/gems/actionpack-4.2.1/lib/action_dispatch/middleware/templates/rescues/template_error.html.erb within rescues/layout (87.8ms)
  Rendered /home/shantanu/.rbenv/versions/2.2.1/lib/ruby/gems/2.2.0/gems/web-console-2.1.2/lib/web_console/templates/_markup.html.erb (0.5ms)
  Rendered /home/shantanu/.rbenv/versions/2.2.1/lib/ruby/gems/2.2.0/gems/web-console-2.1.2/lib/web_console/templates/style.css.erb within layouts/inlined_string (0.4ms)
  Rendered /home/shantanu/.rbenv/versions/2.2.1/lib/ruby/gems/2.2.0/gems/web-console-2.1.2/lib/web_console/templates/_inner_console_markup.html.erb within layouts/inlined_string (0.4ms)
  Rendered /home/shantanu/.rbenv/versions/2.2.1/lib/ruby/gems/2.2.0/gems/web-console-2.1.2/lib/web_console/templates/_prompt_box_markup.html.erb within layouts/inlined_string (0.4ms)
  Rendered /home/shantanu/.rbenv/versions/2.2.1/lib/ruby/gems/2.2.0/gems/web-console-2.1.2/lib/web_console/templates/console.js.erb within layouts/javascript (80.0ms)
  Rendered /home/shantanu/.rbenv/versions/2.2.1/lib/ruby/gems/2.2.0/gems/web-console-2.1.2/lib/web_console/templates/main.js.erb within layouts/javascript (0.5ms)
  Rendered /home/shantanu/.rbenv/versions/2.2.1/lib/ruby/gems/2.2.0/gems/web-console-2.1.2/lib/web_console/templates/error_page.js.erb within layouts/javascript (0.6ms)
  Rendered /home/shantanu/.rbenv/versions/2.2.1/lib/ruby/gems/2.2.0/gems/web-console-2.1.2/lib/web_console/templates/index.html.erb (157.3ms)


Started GET "/forms/new" for 127.0.0.1 at 2015-05-25 00:10:45 -0700
Processing by FormsController#new as HTML
  Rendered forms/new.html.erb within layouts/application (1094.7ms)
Completed 200 OK in 1203ms (Views: 1201.8ms | ActiveRecord: 0.0ms)


Started GET "/assets/forms.self-e3b0c44298fc1c149afbf4c8996fb92427ae41e4649b934ca495991b7852b855.css?body=1" for 127.0.0.1 at 2015-05-25 00:10:46 -0700


Started GET "/assets/application.self-e80e8f2318043e8af94dddc2adad5a4f09739a8ebb323b3ab31cd71d45fd9113.css?body=1" for 127.0.0.1 at 2015-05-25 00:10:46 -0700


Started GET "/assets/welcome.self-e3b0c44298fc1c149afbf4c8996fb92427ae41e4649b934ca495991b7852b855.css?body=1" for 127.0.0.1 at 2015-05-25 00:10:46 -0700


Started GET "/assets/jquery.self-d03a5518f45df77341bdbe6201ba3bfa547ebba8ed64f0ea56bfa5f96ea7c074.js?body=1" for 127.0.0.1 at 2015-05-25 00:10:46 -0700


Started GET "/assets/application.self-3b8dabdc891efe46b9a144b400ad69e37d7e5876bdc39dee783419a69d7ca819.js?body=1" for 127.0.0.1 at 2015-05-25 00:10:46 -0700


Started GET "/assets/welcome.self-877aef30ae1b040ab8a3aba4e3e309a11d7f2612f44dde450b5c157aa5f95c05.js?body=1" for 127.0.0.1 at 2015-05-25 00:10:46 -0700


Started GET "/assets/forms.self-877aef30ae1b040ab8a3aba4e3e309a11d7f2612f44dde450b5c157aa5f95c05.js?body=1" for 127.0.0.1 at 2015-05-25 00:10:46 -0700


Started GET "/assets/turbolinks.self-c37727e9bd6b2735da5c311aa83fead54ed0be6cc8bd9a65309e9c5abe2cbfff.js?body=1" for 127.0.0.1 at 2015-05-25 00:10:46 -0700


Started GET "/assets/jquery_ujs.self-8e98a7a072a6cee1372d19fff9ff3e6aa1e39a37d89d6f06861637d061113ee7.js?body=1" for 127.0.0.1 at 2015-05-25 00:10:46 -0700


Started GET "/forms/new" for 127.0.0.1 at 2015-05-25 05:14:52 -0700
Processing by FormsController#new as HTML
  Rendered forms/new.html.erb within layouts/application (83.6ms)
Completed 200 OK in 365ms (Views: 340.0ms | ActiveRecord: 0.0ms)


Started GET "/assets/forms.self-e3b0c44298fc1c149afbf4c8996fb92427ae41e4649b934ca495991b7852b855.css?body=1" for 127.0.0.1 at 2015-05-25 05:14:54 -0700


Started GET "/assets/jquery.self-d03a5518f45df77341bdbe6201ba3bfa547ebba8ed64f0ea56bfa5f96ea7c074.js?body=1" for 127.0.0.1 at 2015-05-25 05:14:54 -0700


Started GET "/assets/application.self-e80e8f2318043e8af94dddc2adad5a4f09739a8ebb323b3ab31cd71d45fd9113.css?body=1" for 127.0.0.1 at 2015-05-25 05:14:54 -0700


Started GET "/assets/turbolinks.self-c37727e9bd6b2735da5c311aa83fead54ed0be6cc8bd9a65309e9c5abe2cbfff.js?body=1" for 127.0.0.1 at 2015-05-25 05:14:55 -0700


Started GET "/assets/welcome.self-e3b0c44298fc1c149afbf4c8996fb92427ae41e4649b934ca495991b7852b855.css?body=1" for 127.0.0.1 at 2015-05-25 05:14:55 -0700


Started GET "/assets/jquery_ujs.self-8e98a7a072a6cee1372d19fff9ff3e6aa1e39a37d89d6f06861637d061113ee7.js?body=1" for 127.0.0.1 at 2015-05-25 05:14:55 -0700


Started GET "/assets/forms.self-877aef30ae1b040ab8a3aba4e3e309a11d7f2612f44dde450b5c157aa5f95c05.js?body=1" for 127.0.0.1 at 2015-05-25 05:14:55 -0700


Started GET "/assets/welcome.self-877aef30ae1b040ab8a3aba4e3e309a11d7f2612f44dde450b5c157aa5f95c05.js?body=1" for 127.0.0.1 at 2015-05-25 05:14:55 -0700


Started GET "/assets/application.self-3b8dabdc891efe46b9a144b400ad69e37d7e5876bdc39dee783419a69d7ca819.js?body=1" for 127.0.0.1 at 2015-05-25 05:14:55 -0700


Started GET "/forms/new" for 127.0.0.1 at 2015-05-25 23:57:01 -0700
Processing by FormsController#new as HTML
  Rendered forms/new.html.erb within layouts/application (258.5ms)
Completed 200 OK in 1424ms (Views: 1246.2ms | ActiveRecord: 0.0ms)


Started GET "/forms/new" for 127.0.0.1 at 2015-05-26 00:16:05 -0700
Processing by FormsController#new as HTML
  Rendered forms/new.html.erb within layouts/application (305.2ms)
Completed 200 OK in 531ms (Views: 516.5ms | ActiveRecord: 0.0ms)


Started GET "/assets/forms.self-e3b0c44298fc1c149afbf4c8996fb92427ae41e4649b934ca495991b7852b855.css?body=1" for 127.0.0.1 at 2015-05-26 00:16:06 -0700


Started GET "/assets/application.self-e80e8f2318043e8af94dddc2adad5a4f09739a8ebb323b3ab31cd71d45fd9113.css?body=1" for 127.0.0.1 at 2015-05-26 00:16:06 -0700


Started GET "/assets/welcome.self-e3b0c44298fc1c149afbf4c8996fb92427ae41e4649b934ca495991b7852b855.css?body=1" for 127.0.0.1 at 2015-05-26 00:16:06 -0700


Started GET "/assets/forms.self-877aef30ae1b040ab8a3aba4e3e309a11d7f2612f44dde450b5c157aa5f95c05.js?body=1" for 127.0.0.1 at 2015-05-26 00:16:06 -0700


Started GET "/assets/jquery.self-d03a5518f45df77341bdbe6201ba3bfa547ebba8ed64f0ea56bfa5f96ea7c074.js?body=1" for 127.0.0.1 at 2015-05-26 00:16:06 -0700


Started GET "/assets/turbolinks.self-c37727e9bd6b2735da5c311aa83fead54ed0be6cc8bd9a65309e9c5abe2cbfff.js?body=1" for 127.0.0.1 at 2015-05-26 00:16:06 -0700


Started GET "/assets/jquery_ujs.self-8e98a7a072a6cee1372d19fff9ff3e6aa1e39a37d89d6f06861637d061113ee7.js?body=1" for 127.0.0.1 at 2015-05-26 00:16:06 -0700


Started GET "/assets/welcome.self-877aef30ae1b040ab8a3aba4e3e309a11d7f2612f44dde450b5c157aa5f95c05.js?body=1" for 127.0.0.1 at 2015-05-26 00:16:06 -0700


Started GET "/assets/application.self-3b8dabdc891efe46b9a144b400ad69e37d7e5876bdc39dee783419a69d7ca819.js?body=1" for 127.0.0.1 at 2015-05-26 00:16:06 -0700


Started GET "/forms/new" for 127.0.0.1 at 2015-05-26 00:54:40 -0700
Processing by FormsController#new as HTML
  Rendered forms/new.html.erb within layouts/application (117.3ms)
Completed 200 OK in 472ms (Views: 464.4ms | ActiveRecord: 0.0ms)


Started GET "/assets/forms.self-e3b0c44298fc1c149afbf4c8996fb92427ae41e4649b934ca495991b7852b855.css?body=1" for 127.0.0.1 at 2015-05-26 00:54:40 -0700


Started GET "/assets/application.self-e80e8f2318043e8af94dddc2adad5a4f09739a8ebb323b3ab31cd71d45fd9113.css?body=1" for 127.0.0.1 at 2015-05-26 00:54:40 -0700


Started GET "/assets/welcome.self-e3b0c44298fc1c149afbf4c8996fb92427ae41e4649b934ca495991b7852b855.css?body=1" for 127.0.0.1 at 2015-05-26 00:54:40 -0700


Started GET "/assets/jquery.self-d03a5518f45df77341bdbe6201ba3bfa547ebba8ed64f0ea56bfa5f96ea7c074.js?body=1" for 127.0.0.1 at 2015-05-26 00:54:41 -0700


Started GET "/assets/turbolinks.self-c37727e9bd6b2735da5c311aa83fead54ed0be6cc8bd9a65309e9c5abe2cbfff.js?body=1" for 127.0.0.1 at 2015-05-26 00:54:41 -0700


Started GET "/assets/forms.self-877aef30ae1b040ab8a3aba4e3e309a11d7f2612f44dde450b5c157aa5f95c05.js?body=1" for 127.0.0.1 at 2015-05-26 00:54:41 -0700


Started GET "/assets/jquery_ujs.self-8e98a7a072a6cee1372d19fff9ff3e6aa1e39a37d89d6f06861637d061113ee7.js?body=1" for 127.0.0.1 at 2015-05-26 00:54:41 -0700


Started GET "/assets/welcome.self-877aef30ae1b040ab8a3aba4e3e309a11d7f2612f44dde450b5c157aa5f95c05.js?body=1" for 127.0.0.1 at 2015-05-26 00:54:41 -0700


Started GET "/assets/application.self-3b8dabdc891efe46b9a144b400ad69e37d7e5876bdc39dee783419a69d7ca819.js?body=1" for 127.0.0.1 at 2015-05-26 00:54:41 -0700


Started GET "/forms/new" for 127.0.0.1 at 2015-05-26 01:50:27 -0700
Processing by FormsController#new as HTML
  Rendered forms/new.html.erb within layouts/application (18.4ms)
Completed 500 Internal Server Error in 38ms (ActiveRecord: 0.0ms)

SyntaxError (/home/shantanu/Techvision/accessibleform/app/views/forms/new.html.erb:25: syntax error, unexpected ')', expecting =>
...40, {:prompt => 'Select Date'}) );@output_buffer.safe_append...
...                               ^
/home/shantanu/Techvision/accessibleform/app/views/forms/new.html.erb:34: syntax error, unexpected keyword_end, expecting ')'
'.freeze; end 
             ^
/home/shantanu/Techvision/accessibleform/app/views/forms/new.html.erb:36: syntax error, unexpected keyword_ensure, expecting ')'
/home/shantanu/Techvision/accessibleform/app/views/forms/new.html.erb:38: syntax error, unexpected keyword_end, expecting ')'):
  app/views/forms/new.html.erb:25: syntax error, unexpected ')', expecting =>
  app/views/forms/new.html.erb:34: syntax error, unexpected keyword_end, expecting ')'
  app/views/forms/new.html.erb:36: syntax error, unexpected keyword_ensure, expecting ')'
  app/views/forms/new.html.erb:38: syntax error, unexpected keyword_end, expecting ')'


  Rendered /home/shantanu/.rbenv/versions/2.2.1/lib/ruby/gems/2.2.0/gems/actionpack-4.2.1/lib/action_dispatch/middleware/templates/rescues/_source.erb (15.1ms)
  Rendered /home/shantanu/.rbenv/versions/2.2.1/lib/ruby/gems/2.2.0/gems/actionpack-4.2.1/lib/action_dispatch/middleware/templates/rescues/_trace.html.erb (3.9ms)
  Rendered /home/shantanu/.rbenv/versions/2.2.1/lib/ruby/gems/2.2.0/gems/actionpack-4.2.1/lib/action_dispatch/middleware/templates/rescues/_request_and_response.html.erb (1.5ms)
  Rendered /home/shantanu/.rbenv/versions/2.2.1/lib/ruby/gems/2.2.0/gems/actionpack-4.2.1/lib/action_dispatch/middleware/templates/rescues/diagnostics.html.erb within rescues/layout (115.2ms)
  Rendered /home/shantanu/.rbenv/versions/2.2.1/lib/ruby/gems/2.2.0/gems/web-console-2.1.2/lib/web_console/templates/_markup.html.erb (0.6ms)
  Rendered /home/shantanu/.rbenv/versions/2.2.1/lib/ruby/gems/2.2.0/gems/web-console-2.1.2/lib/web_console/templates/style.css.erb within layouts/inlined_string (0.6ms)
  Rendered /home/shantanu/.rbenv/versions/2.2.1/lib/ruby/gems/2.2.0/gems/web-console-2.1.2/lib/web_console/templates/_inner_console_markup.html.erb within layouts/inlined_string (0.5ms)
  Rendered /home/shantanu/.rbenv/versions/2.2.1/lib/ruby/gems/2.2.0/gems/web-console-2.1.2/lib/web_console/templates/_prompt_box_markup.html.erb within layouts/inlined_string (0.5ms)
  Rendered /home/shantanu/.rbenv/versions/2.2.1/lib/ruby/gems/2.2.0/gems/web-console-2.1.2/lib/web_console/templates/console.js.erb within layouts/javascript (69.5ms)
  Rendered /home/shantanu/.rbenv/versions/2.2.1/lib/ruby/gems/2.2.0/gems/web-console-2.1.2/lib/web_console/templates/main.js.erb within layouts/javascript (0.5ms)
  Rendered /home/shantanu/.rbenv/versions/2.2.1/lib/ruby/gems/2.2.0/gems/web-console-2.1.2/lib/web_console/templates/error_page.js.erb within layouts/javascript (7.6ms)
  Rendered /home/shantanu/.rbenv/versions/2.2.1/lib/ruby/gems/2.2.0/gems/web-console-2.1.2/lib/web_console/templates/index.html.erb (209.7ms)


Started GET "/forms/new" for 127.0.0.1 at 2015-05-26 02:02:17 -0700
Processing by FormsController#new as HTML
  Rendered forms/new.html.erb within layouts/application (12.8ms)
Completed 500 Internal Server Error in 32ms (ActiveRecord: 0.0ms)

SyntaxError (/home/shantanu/Techvision/accessibleform/app/views/forms/new.html.erb:25: syntax error, unexpected ')', expecting =>
...onth', :day => 'Select Day'}} ) );@output_buffer.safe_append...
...                               ^
/home/shantanu/Techvision/accessibleform/app/views/forms/new.html.erb:34: syntax error, unexpected keyword_end, expecting ')'
'.freeze; end 
             ^
/home/shantanu/Techvision/accessibleform/app/views/forms/new.html.erb:36: syntax error, unexpected keyword_ensure, expecting ')'
/home/shantanu/Techvision/accessibleform/app/views/forms/new.html.erb:38: syntax error, unexpected keyword_end, expecting ')'):
  app/views/forms/new.html.erb:25: syntax error, unexpected ')', expecting =>
  app/views/forms/new.html.erb:34: syntax error, unexpected keyword_end, expecting ')'
  app/views/forms/new.html.erb:36: syntax error, unexpected keyword_ensure, expecting ')'
  app/views/forms/new.html.erb:38: syntax error, unexpected keyword_end, expecting ')'


  Rendered /home/shantanu/.rbenv/versions/2.2.1/lib/ruby/gems/2.2.0/gems/actionpack-4.2.1/lib/action_dispatch/middleware/templates/rescues/_source.erb (29.4ms)
  Rendered /home/shantanu/.rbenv/versions/2.2.1/lib/ruby/gems/2.2.0/gems/actionpack-4.2.1/lib/action_dispatch/middleware/templates/rescues/_trace.html.erb (3.8ms)
  Rendered /home/shantanu/.rbenv/versions/2.2.1/lib/ruby/gems/2.2.0/gems/actionpack-4.2.1/lib/action_dispatch/middleware/templates/rescues/_request_and_response.html.erb (1.4ms)
  Rendered /home/shantanu/.rbenv/versions/2.2.1/lib/ruby/gems/2.2.0/gems/actionpack-4.2.1/lib/action_dispatch/middleware/templates/rescues/diagnostics.html.erb within rescues/layout (98.1ms)
  Rendered /home/shantanu/.rbenv/versions/2.2.1/lib/ruby/gems/2.2.0/gems/web-console-2.1.2/lib/web_console/templates/_markup.html.erb (0.7ms)
  Rendered /home/shantanu/.rbenv/versions/2.2.1/lib/ruby/gems/2.2.0/gems/web-console-2.1.2/lib/web_console/templates/style.css.erb within layouts/inlined_string (0.5ms)
  Rendered /home/shantanu/.rbenv/versions/2.2.1/lib/ruby/gems/2.2.0/gems/web-console-2.1.2/lib/web_console/templates/_inner_console_markup.html.erb within layouts/inlined_string (0.5ms)
  Rendered /home/shantanu/.rbenv/versions/2.2.1/lib/ruby/gems/2.2.0/gems/web-console-2.1.2/lib/web_console/templates/_prompt_box_markup.html.erb within layouts/inlined_string (0.5ms)
  Rendered /home/shantanu/.rbenv/versions/2.2.1/lib/ruby/gems/2.2.0/gems/web-console-2.1.2/lib/web_console/templates/console.js.erb within layouts/javascript (72.9ms)
  Rendered /home/shantanu/.rbenv/versions/2.2.1/lib/ruby/gems/2.2.0/gems/web-console-2.1.2/lib/web_console/templates/main.js.erb within layouts/javascript (0.6ms)
  Rendered /home/shantanu/.rbenv/versions/2.2.1/lib/ruby/gems/2.2.0/gems/web-console-2.1.2/lib/web_console/templates/error_page.js.erb within layouts/javascript (7.4ms)
  Rendered /home/shantanu/.rbenv/versions/2.2.1/lib/ruby/gems/2.2.0/gems/web-console-2.1.2/lib/web_console/templates/index.html.erb (154.2ms)


Started GET "/forms/new" for 127.0.0.1 at 2015-05-26 02:11:18 -0700
Processing by FormsController#new as HTML
  Rendered forms/new.html.erb within layouts/application (2.6ms)
Completed 500 Internal Server Error in 23ms (ActiveRecord: 0.0ms)

SyntaxError (/home/shantanu/Techvision/accessibleform/app/views/forms/new.html.erb:25: syntax error, unexpected ')', expecting =>
...onth', :day => 'Select Day'}} ) );@output_buffer.safe_append...
...                               ^
/home/shantanu/Techvision/accessibleform/app/views/forms/new.html.erb:34: syntax error, unexpected keyword_end, expecting ')'
'.freeze; end 
             ^
/home/shantanu/Techvision/accessibleform/app/views/forms/new.html.erb:36: syntax error, unexpected keyword_ensure, expecting ')'
/home/shantanu/Techvision/accessibleform/app/views/forms/new.html.erb:38: syntax error, unexpected keyword_end, expecting ')'):
  app/views/forms/new.html.erb:25: syntax error, unexpected ')', expecting =>
  app/views/forms/new.html.erb:34: syntax error, unexpected keyword_end, expecting ')'
  app/views/forms/new.html.erb:36: syntax error, unexpected keyword_ensure, expecting ')'
  app/views/forms/new.html.erb:38: syntax error, unexpected keyword_end, expecting ')'


  Rendered /home/shantanu/.rbenv/versions/2.2.1/lib/ruby/gems/2.2.0/gems/actionpack-4.2.1/lib/action_dispatch/middleware/templates/rescues/_source.erb (21.2ms)
  Rendered /home/shantanu/.rbenv/versions/2.2.1/lib/ruby/gems/2.2.0/gems/actionpack-4.2.1/lib/action_dispatch/middleware/templates/rescues/_trace.html.erb (3.9ms)
  Rendered /home/shantanu/.rbenv/versions/2.2.1/lib/ruby/gems/2.2.0/gems/actionpack-4.2.1/lib/action_dispatch/middleware/templates/rescues/_request_and_response.html.erb (1.4ms)
  Rendered /home/shantanu/.rbenv/versions/2.2.1/lib/ruby/gems/2.2.0/gems/actionpack-4.2.1/lib/action_dispatch/middleware/templates/rescues/diagnostics.html.erb within rescues/layout (94.0ms)
  Rendered /home/shantanu/.rbenv/versions/2.2.1/lib/ruby/gems/2.2.0/gems/web-console-2.1.2/lib/web_console/templates/_markup.html.erb (0.5ms)
  Rendered /home/shantanu/.rbenv/versions/2.2.1/lib/ruby/gems/2.2.0/gems/web-console-2.1.2/lib/web_console/templates/style.css.erb within layouts/inlined_string (0.5ms)
  Rendered /home/shantanu/.rbenv/versions/2.2.1/lib/ruby/gems/2.2.0/gems/web-console-2.1.2/lib/web_console/templates/_inner_console_markup.html.erb within layouts/inlined_string (4.9ms)
  Rendered /home/shantanu/.rbenv/versions/2.2.1/lib/ruby/gems/2.2.0/gems/web-console-2.1.2/lib/web_console/templates/_prompt_box_markup.html.erb within layouts/inlined_string (0.5ms)
  Rendered /home/shantanu/.rbenv/versions/2.2.1/lib/ruby/gems/2.2.0/gems/web-console-2.1.2/lib/web_console/templates/console.js.erb within layouts/javascript (73.3ms)
  Rendered /home/shantanu/.rbenv/versions/2.2.1/lib/ruby/gems/2.2.0/gems/web-console-2.1.2/lib/web_console/templates/main.js.erb within layouts/javascript (0.5ms)
  Rendered /home/shantanu/.rbenv/versions/2.2.1/lib/ruby/gems/2.2.0/gems/web-console-2.1.2/lib/web_console/templates/error_page.js.erb within layouts/javascript (0.6ms)
  Rendered /home/shantanu/.rbenv/versions/2.2.1/lib/ruby/gems/2.2.0/gems/web-console-2.1.2/lib/web_console/templates/index.html.erb (137.7ms)


Started GET "/forms/new" for 127.0.0.1 at 2015-05-26 02:13:50 -0700
Processing by FormsController#new as HTML
  Rendered forms/new.html.erb within layouts/application (8.1ms)
Completed 500 Internal Server Error in 13ms (ActiveRecord: 0.0ms)

SyntaxError (/home/shantanu/Techvision/accessibleform/app/views/forms/new.html.erb:25: syntax error, unexpected ')', expecting =>
...Month', :day => 'Select Day'}}) );@output_buffer.safe_append...
...                               ^
/home/shantanu/Techvision/accessibleform/app/views/forms/new.html.erb:34: syntax error, unexpected keyword_end, expecting ')'
'.freeze; end 
             ^
/home/shantanu/Techvision/accessibleform/app/views/forms/new.html.erb:36: syntax error, unexpected keyword_ensure, expecting ')'
/home/shantanu/Techvision/accessibleform/app/views/forms/new.html.erb:38: syntax error, unexpected keyword_end, expecting ')'):
  app/views/forms/new.html.erb:25: syntax error, unexpected ')', expecting =>
  app/views/forms/new.html.erb:34: syntax error, unexpected keyword_end, expecting ')'
  app/views/forms/new.html.erb:36: syntax error, unexpected keyword_ensure, expecting ')'
  app/views/forms/new.html.erb:38: syntax error, unexpected keyword_end, expecting ')'


  Rendered /home/shantanu/.rbenv/versions/2.2.1/lib/ruby/gems/2.2.0/gems/actionpack-4.2.1/lib/action_dispatch/middleware/templates/rescues/_source.erb (11.9ms)
  Rendered /home/shantanu/.rbenv/versions/2.2.1/lib/ruby/gems/2.2.0/gems/actionpack-4.2.1/lib/action_dispatch/middleware/templates/rescues/_trace.html.erb (13.2ms)
  Rendered /home/shantanu/.rbenv/versions/2.2.1/lib/ruby/gems/2.2.0/gems/actionpack-4.2.1/lib/action_dispatch/middleware/templates/rescues/_request_and_response.html.erb (1.9ms)
  Rendered /home/shantanu/.rbenv/versions/2.2.1/lib/ruby/gems/2.2.0/gems/actionpack-4.2.1/lib/action_dispatch/middleware/templates/rescues/diagnostics.html.erb within rescues/layout (92.7ms)
  Rendered /home/shantanu/.rbenv/versions/2.2.1/lib/ruby/gems/2.2.0/gems/web-console-2.1.2/lib/web_console/templates/_markup.html.erb (0.6ms)
  Rendered /home/shantanu/.rbenv/versions/2.2.1/lib/ruby/gems/2.2.0/gems/web-console-2.1.2/lib/web_console/templates/style.css.erb within layouts/inlined_string (11.3ms)
  Rendered /home/shantanu/.rbenv/versions/2.2.1/lib/ruby/gems/2.2.0/gems/web-console-2.1.2/lib/web_console/templates/_inner_console_markup.html.erb within layouts/inlined_string (0.5ms)
  Rendered /home/shantanu/.rbenv/versions/2.2.1/lib/ruby/gems/2.2.0/gems/web-console-2.1.2/lib/web_console/templates/_prompt_box_markup.html.erb within layouts/inlined_string (3.2ms)
  Rendered /home/shantanu/.rbenv/versions/2.2.1/lib/ruby/gems/2.2.0/gems/web-console-2.1.2/lib/web_console/templates/console.js.erb within layouts/javascript (65.5ms)
  Rendered /home/shantanu/.rbenv/versions/2.2.1/lib/ruby/gems/2.2.0/gems/web-console-2.1.2/lib/web_console/templates/main.js.erb within layouts/javascript (5.3ms)
  Rendered /home/shantanu/.rbenv/versions/2.2.1/lib/ruby/gems/2.2.0/gems/web-console-2.1.2/lib/web_console/templates/error_page.js.erb within layouts/javascript (0.7ms)
  Rendered /home/shantanu/.rbenv/versions/2.2.1/lib/ruby/gems/2.2.0/gems/web-console-2.1.2/lib/web_console/templates/index.html.erb (138.1ms)


Started GET "/forms/new" for 127.0.0.1 at 2015-05-26 02:17:55 -0700
Processing by FormsController#new as HTML
  Rendered forms/new.html.erb within layouts/application (2.3ms)
Completed 500 Internal Server Error in 14ms (ActiveRecord: 0.0ms)

SyntaxError (/home/shantanu/Techvision/accessibleform/app/views/forms/new.html.erb:25: syntax error, unexpected ')', expecting =>
...nth', :year => 'Select Year'}}) );@output_buffer.safe_append...
...                               ^
/home/shantanu/Techvision/accessibleform/app/views/forms/new.html.erb:34: syntax error, unexpected keyword_end, expecting ')'
'.freeze; end 
             ^
/home/shantanu/Techvision/accessibleform/app/views/forms/new.html.erb:36: syntax error, unexpected keyword_ensure, expecting ')'
/home/shantanu/Techvision/accessibleform/app/views/forms/new.html.erb:38: syntax error, unexpected keyword_end, expecting ')'):
  app/views/forms/new.html.erb:25: syntax error, unexpected ')', expecting =>
  app/views/forms/new.html.erb:34: syntax error, unexpected keyword_end, expecting ')'
  app/views/forms/new.html.erb:36: syntax error, unexpected keyword_ensure, expecting ')'
  app/views/forms/new.html.erb:38: syntax error, unexpected keyword_end, expecting ')'


  Rendered /home/shantanu/.rbenv/versions/2.2.1/lib/ruby/gems/2.2.0/gems/actionpack-4.2.1/lib/action_dispatch/middleware/templates/rescues/_source.erb (14.3ms)
  Rendered /home/shantanu/.rbenv/versions/2.2.1/lib/ruby/gems/2.2.0/gems/actionpack-4.2.1/lib/action_dispatch/middleware/templates/rescues/_trace.html.erb (12.4ms)
  Rendered /home/shantanu/.rbenv/versions/2.2.1/lib/ruby/gems/2.2.0/gems/actionpack-4.2.1/lib/action_dispatch/middleware/templates/rescues/_request_and_response.html.erb (1.4ms)
  Rendered /home/shantanu/.rbenv/versions/2.2.1/lib/ruby/gems/2.2.0/gems/actionpack-4.2.1/lib/action_dispatch/middleware/templates/rescues/diagnostics.html.erb within rescues/layout (96.7ms)
  Rendered /home/shantanu/.rbenv/versions/2.2.1/lib/ruby/gems/2.2.0/gems/web-console-2.1.2/lib/web_console/templates/_markup.html.erb (0.6ms)
  Rendered /home/shantanu/.rbenv/versions/2.2.1/lib/ruby/gems/2.2.0/gems/web-console-2.1.2/lib/web_console/templates/style.css.erb within layouts/inlined_string (0.5ms)
  Rendered /home/shantanu/.rbenv/versions/2.2.1/lib/ruby/gems/2.2.0/gems/web-console-2.1.2/lib/web_console/templates/_inner_console_markup.html.erb within layouts/inlined_string (0.7ms)
  Rendered /home/shantanu/.rbenv/versions/2.2.1/lib/ruby/gems/2.2.0/gems/web-console-2.1.2/lib/web_console/templates/_prompt_box_markup.html.erb within layouts/inlined_string (0.8ms)
  Rendered /home/shantanu/.rbenv/versions/2.2.1/lib/ruby/gems/2.2.0/gems/web-console-2.1.2/lib/web_console/templates/console.js.erb within layouts/javascript (78.0ms)
  Rendered /home/shantanu/.rbenv/versions/2.2.1/lib/ruby/gems/2.2.0/gems/web-console-2.1.2/lib/web_console/templates/main.js.erb within layouts/javascript (0.5ms)
  Rendered /home/shantanu/.rbenv/versions/2.2.1/lib/ruby/gems/2.2.0/gems/web-console-2.1.2/lib/web_console/templates/error_page.js.erb within layouts/javascript (0.7ms)
  Rendered /home/shantanu/.rbenv/versions/2.2.1/lib/ruby/gems/2.2.0/gems/web-console-2.1.2/lib/web_console/templates/index.html.erb (154.6ms)


Started GET "/forms/new" for 127.0.0.1 at 2015-05-26 02:26:27 -0700
Processing by FormsController#new as HTML
  Rendered forms/new.html.erb within layouts/application (90.5ms)
Completed 200 OK in 305ms (Views: 303.4ms | ActiveRecord: 0.0ms)


Started GET "/assets/forms.self-e3b0c44298fc1c149afbf4c8996fb92427ae41e4649b934ca495991b7852b855.css?body=1" for 127.0.0.1 at 2015-05-26 02:26:28 -0700


Started GET "/assets/jquery_ujs.self-8e98a7a072a6cee1372d19fff9ff3e6aa1e39a37d89d6f06861637d061113ee7.js?body=1" for 127.0.0.1 at 2015-05-26 02:26:28 -0700


Started GET "/assets/welcome.self-e3b0c44298fc1c149afbf4c8996fb92427ae41e4649b934ca495991b7852b855.css?body=1" for 127.0.0.1 at 2015-05-26 02:26:28 -0700


Started GET "/assets/jquery.self-d03a5518f45df77341bdbe6201ba3bfa547ebba8ed64f0ea56bfa5f96ea7c074.js?body=1" for 127.0.0.1 at 2015-05-26 02:26:28 -0700


Started GET "/assets/turbolinks.self-c37727e9bd6b2735da5c311aa83fead54ed0be6cc8bd9a65309e9c5abe2cbfff.js?body=1" for 127.0.0.1 at 2015-05-26 02:26:28 -0700


Started GET "/assets/forms.self-877aef30ae1b040ab8a3aba4e3e309a11d7f2612f44dde450b5c157aa5f95c05.js?body=1" for 127.0.0.1 at 2015-05-26 02:26:28 -0700


Started GET "/assets/application.self-e80e8f2318043e8af94dddc2adad5a4f09739a8ebb323b3ab31cd71d45fd9113.css?body=1" for 127.0.0.1 at 2015-05-26 02:26:28 -0700


Started GET "/assets/application.self-3b8dabdc891efe46b9a144b400ad69e37d7e5876bdc39dee783419a69d7ca819.js?body=1" for 127.0.0.1 at 2015-05-26 02:26:28 -0700


Started GET "/assets/welcome.self-877aef30ae1b040ab8a3aba4e3e309a11d7f2612f44dde450b5c157aa5f95c05.js?body=1" for 127.0.0.1 at 2015-05-26 02:26:28 -0700


Started GET "/forms/new" for 127.0.0.1 at 2015-05-26 03:15:33 -0700
Processing by FormsController#new as HTML
  Rendered forms/new.html.erb within layouts/application (206.5ms)
Completed 200 OK in 374ms (Views: 370.3ms | ActiveRecord: 0.0ms)


Started GET "/assets/forms.self-e3b0c44298fc1c149afbf4c8996fb92427ae41e4649b934ca495991b7852b855.css?body=1" for 127.0.0.1 at 2015-05-26 03:15:33 -0700


Started GET "/assets/welcome.self-e3b0c44298fc1c149afbf4c8996fb92427ae41e4649b934ca495991b7852b855.css?body=1" for 127.0.0.1 at 2015-05-26 03:15:33 -0700


Started GET "/assets/application.self-e80e8f2318043e8af94dddc2adad5a4f09739a8ebb323b3ab31cd71d45fd9113.css?body=1" for 127.0.0.1 at 2015-05-26 03:15:33 -0700


Started GET "/assets/jquery_ujs.self-8e98a7a072a6cee1372d19fff9ff3e6aa1e39a37d89d6f06861637d061113ee7.js?body=1" for 127.0.0.1 at 2015-05-26 03:15:33 -0700


Started GET "/assets/jquery.self-d03a5518f45df77341bdbe6201ba3bfa547ebba8ed64f0ea56bfa5f96ea7c074.js?body=1" for 127.0.0.1 at 2015-05-26 03:15:33 -0700


Started GET "/assets/welcome.self-877aef30ae1b040ab8a3aba4e3e309a11d7f2612f44dde450b5c157aa5f95c05.js?body=1" for 127.0.0.1 at 2015-05-26 03:15:33 -0700


Started GET "/assets/forms.self-877aef30ae1b040ab8a3aba4e3e309a11d7f2612f44dde450b5c157aa5f95c05.js?body=1" for 127.0.0.1 at 2015-05-26 03:15:33 -0700


Started GET "/assets/application.self-3b8dabdc891efe46b9a144b400ad69e37d7e5876bdc39dee783419a69d7ca819.js?body=1" for 127.0.0.1 at 2015-05-26 03:15:33 -0700


Started GET "/assets/turbolinks.self-c37727e9bd6b2735da5c311aa83fead54ed0be6cc8bd9a65309e9c5abe2cbfff.js?body=1" for 127.0.0.1 at 2015-05-26 03:15:33 -0700


Started GET "/forms/new" for 127.0.0.1 at 2015-05-26 03:20:38 -0700
Processing by FormsController#new as HTML
  Rendered forms/new.html.erb within layouts/application (41.8ms)
Completed 200 OK in 186ms (Views: 184.7ms | ActiveRecord: 0.0ms)


Started GET "/assets/forms.self-e3b0c44298fc1c149afbf4c8996fb92427ae41e4649b934ca495991b7852b855.css?body=1" for 127.0.0.1 at 2015-05-26 03:20:38 -0700


Started GET "/assets/application.self-e80e8f2318043e8af94dddc2adad5a4f09739a8ebb323b3ab31cd71d45fd9113.css?body=1" for 127.0.0.1 at 2015-05-26 03:20:38 -0700


Started GET "/assets/welcome.self-e3b0c44298fc1c149afbf4c8996fb92427ae41e4649b934ca495991b7852b855.css?body=1" for 127.0.0.1 at 2015-05-26 03:20:38 -0700


Started GET "/assets/jquery.self-d03a5518f45df77341bdbe6201ba3bfa547ebba8ed64f0ea56bfa5f96ea7c074.js?body=1" for 127.0.0.1 at 2015-05-26 03:20:38 -0700


Started GET "/assets/forms.self-877aef30ae1b040ab8a3aba4e3e309a11d7f2612f44dde450b5c157aa5f95c05.js?body=1" for 127.0.0.1 at 2015-05-26 03:20:38 -0700


Started GET "/assets/turbolinks.self-c37727e9bd6b2735da5c311aa83fead54ed0be6cc8bd9a65309e9c5abe2cbfff.js?body=1" for 127.0.0.1 at 2015-05-26 03:20:38 -0700


Started GET "/assets/welcome.self-877aef30ae1b040ab8a3aba4e3e309a11d7f2612f44dde450b5c157aa5f95c05.js?body=1" for 127.0.0.1 at 2015-05-26 03:20:38 -0700


Started GET "/assets/jquery_ujs.self-8e98a7a072a6cee1372d19fff9ff3e6aa1e39a37d89d6f06861637d061113ee7.js?body=1" for 127.0.0.1 at 2015-05-26 03:20:38 -0700


Started GET "/assets/application.self-3b8dabdc891efe46b9a144b400ad69e37d7e5876bdc39dee783419a69d7ca819.js?body=1" for 127.0.0.1 at 2015-05-26 03:20:38 -0700


Started GET "/forms/new" for 127.0.0.1 at 2015-05-26 03:23:34 -0700
Processing by FormsController#new as HTML
  Rendered forms/new.html.erb within layouts/application (20.0ms)
Completed 200 OK in 137ms (Views: 136.2ms | ActiveRecord: 0.0ms)


Started GET "/assets/forms.self-e3b0c44298fc1c149afbf4c8996fb92427ae41e4649b934ca495991b7852b855.css?body=1" for 127.0.0.1 at 2015-05-26 03:23:34 -0700


Started GET "/assets/welcome.self-e3b0c44298fc1c149afbf4c8996fb92427ae41e4649b934ca495991b7852b855.css?body=1" for 127.0.0.1 at 2015-05-26 03:23:34 -0700


Started GET "/assets/application.self-e80e8f2318043e8af94dddc2adad5a4f09739a8ebb323b3ab31cd71d45fd9113.css?body=1" for 127.0.0.1 at 2015-05-26 03:23:34 -0700


Started GET "/assets/jquery.self-d03a5518f45df77341bdbe6201ba3bfa547ebba8ed64f0ea56bfa5f96ea7c074.js?body=1" for 127.0.0.1 at 2015-05-26 03:23:34 -0700


Started GET "/assets/jquery_ujs.self-8e98a7a072a6cee1372d19fff9ff3e6aa1e39a37d89d6f06861637d061113ee7.js?body=1" for 127.0.0.1 at 2015-05-26 03:23:34 -0700


Started GET "/assets/forms.self-877aef30ae1b040ab8a3aba4e3e309a11d7f2612f44dde450b5c157aa5f95c05.js?body=1" for 127.0.0.1 at 2015-05-26 03:23:34 -0700


Started GET "/assets/turbolinks.self-c37727e9bd6b2735da5c311aa83fead54ed0be6cc8bd9a65309e9c5abe2cbfff.js?body=1" for 127.0.0.1 at 2015-05-26 03:23:34 -0700


Started GET "/assets/welcome.self-877aef30ae1b040ab8a3aba4e3e309a11d7f2612f44dde450b5c157aa5f95c05.js?body=1" for 127.0.0.1 at 2015-05-26 03:23:34 -0700


Started GET "/assets/application.self-3b8dabdc891efe46b9a144b400ad69e37d7e5876bdc39dee783419a69d7ca819.js?body=1" for 127.0.0.1 at 2015-05-26 03:23:34 -0700


Started GET "/" for 127.0.0.1 at 2015-05-27 02:33:31 -0700
Processing by WelcomeController#index as HTML
  Rendered welcome/index.html.erb within layouts/application (20.5ms)
Completed 200 OK in 1210ms (Views: 1150.1ms | ActiveRecord: 0.0ms)


Started GET "/" for 127.0.0.1 at 2015-05-27 02:33:52 -0700
Processing by WelcomeController#index as HTML
  Rendered welcome/index.html.erb within layouts/application (0.1ms)
Completed 200 OK in 139ms (Views: 96.5ms | ActiveRecord: 0.0ms)


Started GET "/forms/new" for 127.0.0.1 at 2015-05-27 02:34:55 -0700
Processing by FormsController#new as HTML
  Rendered forms/new.html.erb within layouts/application (177.2ms)
Completed 200 OK in 316ms (Views: 312.8ms | ActiveRecord: 0.0ms)


Started GET "/forms/new" for 127.0.0.1 at 2015-05-27 02:39:01 -0700
Processing by FormsController#new as HTML
  Rendered forms/new.html.erb within layouts/application (42.0ms)
Completed 200 OK in 342ms (Views: 341.5ms | ActiveRecord: 0.0ms)


Started GET "/assets/forms.self-e3b0c44298fc1c149afbf4c8996fb92427ae41e4649b934ca495991b7852b855.css?body=1" for 127.0.0.1 at 2015-05-27 02:39:01 -0700


Started GET "/assets/forms.self-877aef30ae1b040ab8a3aba4e3e309a11d7f2612f44dde450b5c157aa5f95c05.js?body=1" for 127.0.0.1 at 2015-05-27 02:39:01 -0700


Started GET "/assets/jquery_ujs.self-8e98a7a072a6cee1372d19fff9ff3e6aa1e39a37d89d6f06861637d061113ee7.js?body=1" for 127.0.0.1 at 2015-05-27 02:39:01 -0700


Started GET "/assets/turbolinks.self-c37727e9bd6b2735da5c311aa83fead54ed0be6cc8bd9a65309e9c5abe2cbfff.js?body=1" for 127.0.0.1 at 2015-05-27 02:39:01 -0700


Started GET "/assets/jquery.self-d03a5518f45df77341bdbe6201ba3bfa547ebba8ed64f0ea56bfa5f96ea7c074.js?body=1" for 127.0.0.1 at 2015-05-27 02:39:01 -0700


Started GET "/assets/application.self-e80e8f2318043e8af94dddc2adad5a4f09739a8ebb323b3ab31cd71d45fd9113.css?body=1" for 127.0.0.1 at 2015-05-27 02:39:01 -0700


Started GET "/assets/welcome.self-e3b0c44298fc1c149afbf4c8996fb92427ae41e4649b934ca495991b7852b855.css?body=1" for 127.0.0.1 at 2015-05-27 02:39:01 -0700


Started GET "/assets/welcome.self-877aef30ae1b040ab8a3aba4e3e309a11d7f2612f44dde450b5c157aa5f95c05.js?body=1" for 127.0.0.1 at 2015-05-27 02:39:02 -0700


Started GET "/assets/application.self-3b8dabdc891efe46b9a144b400ad69e37d7e5876bdc39dee783419a69d7ca819.js?body=1" for 127.0.0.1 at 2015-05-27 02:39:02 -0700


Started GET "/forms/new" for 127.0.0.1 at 2015-05-27 02:41:28 -0700
Processing by FormsController#new as HTML
  Rendered forms/new.html.erb within layouts/application (44.1ms)
Completed 200 OK in 179ms (Views: 174.2ms | ActiveRecord: 0.0ms)


Started GET "/assets/forms.self-e3b0c44298fc1c149afbf4c8996fb92427ae41e4649b934ca495991b7852b855.css?body=1" for 127.0.0.1 at 2015-05-27 02:41:28 -0700


Started GET "/assets/welcome.self-e3b0c44298fc1c149afbf4c8996fb92427ae41e4649b934ca495991b7852b855.css?body=1" for 127.0.0.1 at 2015-05-27 02:41:28 -0700


Started GET "/assets/application.self-e80e8f2318043e8af94dddc2adad5a4f09739a8ebb323b3ab31cd71d45fd9113.css?body=1" for 127.0.0.1 at 2015-05-27 02:41:28 -0700


Started GET "/assets/turbolinks.self-c37727e9bd6b2735da5c311aa83fead54ed0be6cc8bd9a65309e9c5abe2cbfff.js?body=1" for 127.0.0.1 at 2015-05-27 02:41:28 -0700


Started GET "/assets/jquery_ujs.self-8e98a7a072a6cee1372d19fff9ff3e6aa1e39a37d89d6f06861637d061113ee7.js?body=1" for 127.0.0.1 at 2015-05-27 02:41:28 -0700


Started GET "/assets/jquery.self-d03a5518f45df77341bdbe6201ba3bfa547ebba8ed64f0ea56bfa5f96ea7c074.js?body=1" for 127.0.0.1 at 2015-05-27 02:41:28 -0700


Started GET "/assets/forms.self-877aef30ae1b040ab8a3aba4e3e309a11d7f2612f44dde450b5c157aa5f95c05.js?body=1" for 127.0.0.1 at 2015-05-27 02:41:28 -0700


Started GET "/assets/welcome.self-877aef30ae1b040ab8a3aba4e3e309a11d7f2612f44dde450b5c157aa5f95c05.js?body=1" for 127.0.0.1 at 2015-05-27 02:41:28 -0700


Started GET "/assets/application.self-3b8dabdc891efe46b9a144b400ad69e37d7e5876bdc39dee783419a69d7ca819.js?body=1" for 127.0.0.1 at 2015-05-27 02:41:28 -0700


Started GET "/forms/new" for 127.0.0.1 at 2015-05-27 03:52:34 -0700
Processing by FormsController#new as HTML
  Rendered forms/new.html.erb within layouts/application (110.2ms)
Completed 200 OK in 438ms (Views: 429.8ms | ActiveRecord: 0.0ms)


Started GET "/assets/forms.self-e3b0c44298fc1c149afbf4c8996fb92427ae41e4649b934ca495991b7852b855.css?body=1" for 127.0.0.1 at 2015-05-27 03:52:34 -0700


Started GET "/assets/application.self-e80e8f2318043e8af94dddc2adad5a4f09739a8ebb323b3ab31cd71d45fd9113.css?body=1" for 127.0.0.1 at 2015-05-27 03:52:34 -0700


Started GET "/assets/welcome.self-e3b0c44298fc1c149afbf4c8996fb92427ae41e4649b934ca495991b7852b855.css?body=1" for 127.0.0.1 at 2015-05-27 03:52:34 -0700


Started GET "/assets/jquery.self-d03a5518f45df77341bdbe6201ba3bfa547ebba8ed64f0ea56bfa5f96ea7c074.js?body=1" for 127.0.0.1 at 2015-05-27 03:52:34 -0700


Started GET "/assets/jquery_ujs.self-8e98a7a072a6cee1372d19fff9ff3e6aa1e39a37d89d6f06861637d061113ee7.js?body=1" for 127.0.0.1 at 2015-05-27 03:52:34 -0700


Started GET "/assets/forms.self-877aef30ae1b040ab8a3aba4e3e309a11d7f2612f44dde450b5c157aa5f95c05.js?body=1" for 127.0.0.1 at 2015-05-27 03:52:34 -0700


Started GET "/assets/welcome.self-877aef30ae1b040ab8a3aba4e3e309a11d7f2612f44dde450b5c157aa5f95c05.js?body=1" for 127.0.0.1 at 2015-05-27 03:52:34 -0700


Started GET "/assets/turbolinks.self-c37727e9bd6b2735da5c311aa83fead54ed0be6cc8bd9a65309e9c5abe2cbfff.js?body=1" for 127.0.0.1 at 2015-05-27 03:52:34 -0700


Started GET "/assets/application.self-3b8dabdc891efe46b9a144b400ad69e37d7e5876bdc39dee783419a69d7ca819.js?body=1" for 127.0.0.1 at 2015-05-27 03:52:34 -0700
